 Elastic cross section by the Johnson method for potentials              of the Garvey et al. form
 ===========================================================

 impact energy:  5.88235E-01 a.u.
 reduced mass:  1.00000E+00
 rstart:  0.00000E+00 rend0:  2.61000E+01 spac:  1.00000E-03 a.u.
 lmin:   0 lmax: 100 lspc:   1

 nmod=  53 zmod=  5.40000E+01 xi=  1.04400E+00 eta=  5.10100E+00
 rmod=  1.41000E+01 qmod=  2.00000E+00

 l =   0  phase shift =  1.4968628E+00  Coulomb phase shift= -2.4066685E-02
 l =   1  phase shift =  2.6739741E-01  Coulomb phase shift= -1.0979305E+00
 l =   2  phase shift =  1.0218038E+00  Coulomb phase shift= -1.8427436E+00
 l =   3  phase shift =  4.5944369E-01  Coulomb phase shift= -2.3938556E+00
 l =   4  phase shift =  4.5741878E-01  Coulomb phase shift= -2.8258006E+00
 l =   5  phase shift =  1.3645583E-01  Coulomb phase shift=  3.1040767E+00
 l =   6  phase shift =  4.7722366E-02  Coulomb phase shift=  2.8059196E+00
 l =   7  phase shift =  1.7551465E-02  Coulomb phase shift=  2.5483549E+00
 l =   8  phase shift =  6.5907351E-03  Coulomb phase shift=  2.3218225E+00
 l =   9  phase shift =  2.4993230E-03  Coulomb phase shift=  2.1197403E+00
 l =  10  phase shift =  9.5258838E-04  Coulomb phase shift=  1.9373975E+00
 l =  11  phase shift =  3.6390621E-04  Coulomb phase shift=  1.7713135E+00
 l =  12  phase shift =  1.3938500E-04  Coulomb phase shift=  1.6188470E+00
 l =  13  phase shift =  5.3449131E-05  Coulomb phase shift=  1.4779477E+00
 l =  14  phase shift =  2.0145064E-05  Coulomb phase shift=  1.3469937E+00
 l =  15  phase shift =  7.1887453E-06  Coulomb phase shift=  1.2246800E+00
 l =  16  phase shift =  2.3365233E-06  Coulomb phase shift=  1.1099419E+00
 l =  17  phase shift =  6.7412131E-07  Coulomb phase shift=  1.0018990E+00
 l =  18  phase shift =  1.7064692E-07  Coulomb phase shift=  8.9981575E-01
 l =  19  phase shift =  3.7790597E-08  Coulomb phase shift=  8.0307088E-01
 l =  20  phase shift =  7.3015951E-09  Coulomb phase shift=  7.1113533E-01
 l =  21  phase shift =  1.1909228E-09  Coulomb phase shift=  6.2355475E-01
 l =  22  phase shift =  1.1417192E-10  Coulomb phase shift=  5.3993615E-01
 l =  23  phase shift = -5.3674765E-11  Coulomb phase shift=  4.5993729E-01
 l =  24  phase shift = -7.6366817E-11  Coulomb phase shift=  3.8325839E-01
 l =  25  phase shift = -7.8534433E-11  Coulomb phase shift=  3.0963534E-01
 l =  26  phase shift = -7.8806114E-11  Coulomb phase shift=  2.3883431E-01
 l =  27  phase shift = -7.9634920E-11  Coulomb phase shift=  1.7064726E-01
 l =  28  phase shift = -8.0847042E-11  Coulomb phase shift=  1.0488832E-01
 l =  29  phase shift = -8.1949908E-11  Coulomb phase shift=  4.1390734E-02
 l =  30  phase shift = -8.2701061E-11  Coulomb phase shift= -1.9995673E-02
 l =  31  phase shift = -8.3115465E-11  Coulomb phase shift= -7.9406607E-02
 l =  32  phase shift = -8.3307152E-11  Coulomb phase shift= -1.3696511E-01
 l =  33  phase shift = -8.3383813E-11  Coulomb phase shift= -1.9278310E-01
 l =  34  phase shift = -8.3410815E-11  Coulomb phase shift= -2.4696264E-01
 l =  35  phase shift = -8.3419250E-11  Coulomb phase shift= -2.9959709E-01
 l =  36  phase shift = -8.3421614E-11  Coulomb phase shift= -3.5077206E-01
 l =  37  phase shift = -8.3422217E-11  Coulomb phase shift= -4.0056624E-01
 l =  38  phase shift = -8.3422357E-11  Coulomb phase shift= -4.4905213E-01
 l =  39  phase shift = -8.3422386E-11  Coulomb phase shift= -4.9629666E-01
 l =  40  phase shift = -8.3422392E-11  Coulomb phase shift= -5.4236178E-01
 l =  41  phase shift = -8.3422393E-11  Coulomb phase shift= -5.8730488E-01
 l =  42  phase shift = -8.3422393E-11  Coulomb phase shift= -6.3117930E-01
 l =  43  phase shift = -8.3422393E-11  Coulomb phase shift= -6.7403465E-01
 l =  44  phase shift = -8.3422393E-11  Coulomb phase shift= -7.1591716E-01
 l =  45  phase shift = -8.3422393E-11  Coulomb phase shift= -7.5687001E-01
 l =  46  phase shift = -8.3422393E-11  Coulomb phase shift= -7.9693353E-01
 l =  47  phase shift = -8.3422393E-11  Coulomb phase shift= -8.3614553E-01
 l =  48  phase shift = -8.3422393E-11  Coulomb phase shift= -8.7454142E-01
 l =  49  phase shift = -8.3422393E-11  Coulomb phase shift= -9.1215446E-01
 l =  50  phase shift = -8.3422393E-11  Coulomb phase shift= -9.4901594E-01
 l =  51  phase shift = -8.3422393E-11  Coulomb phase shift= -9.8515527E-01
 l =  52  phase shift = -8.3422393E-11  Coulomb phase shift= -1.0206002E+00
 l =  53  phase shift = -8.3422393E-11  Coulomb phase shift= -1.0553769E+00
 l =  54  phase shift = -8.3422393E-11  Coulomb phase shift= -1.0895101E+00
 l =  55  phase shift = -8.3422393E-11  Coulomb phase shift= -1.1230232E+00
 l =  56  phase shift = -8.3422393E-11  Coulomb phase shift= -1.1559382E+00
 l =  57  phase shift = -8.3422393E-11  Coulomb phase shift= -1.1882762E+00
 l =  58  phase shift = -8.3422393E-11  Coulomb phase shift= -1.2200571E+00
 l =  59  phase shift = -8.3422393E-11  Coulomb phase shift= -1.2512996E+00
 l =  60  phase shift = -8.3422393E-11  Coulomb phase shift= -1.2820217E+00
 l =  61  phase shift = -8.3422393E-11  Coulomb phase shift= -1.3122405E+00
 l =  62  phase shift = -8.3422393E-11  Coulomb phase shift= -1.3419723E+00
 l =  63  phase shift = -8.3422393E-11  Coulomb phase shift= -1.3712323E+00
 l =  64  phase shift = -8.3422393E-11  Coulomb phase shift= -1.4000354E+00
 l =  65  phase shift = -8.3422393E-11  Coulomb phase shift= -1.4283956E+00
 l =  66  phase shift = -8.3422393E-11  Coulomb phase shift= -1.4563264E+00
 l =  67  phase shift = -8.3422393E-11  Coulomb phase shift= -1.4838405E+00
 l =  68  phase shift = -8.3422393E-11  Coulomb phase shift= -1.5109501E+00
 l =  69  phase shift = -8.3422393E-11  Coulomb phase shift= -1.5376671E+00
 l =  70  phase shift = -8.3422393E-11  Coulomb phase shift= -1.5640025E+00
 l =  71  phase shift = -8.3422393E-11  Coulomb phase shift= -1.5899673E+00
 l =  72  phase shift = -8.3422393E-11  Coulomb phase shift= -1.6155715E+00
 l =  73  phase shift = -8.3422393E-11  Coulomb phase shift= -1.6408252E+00
 l =  74  phase shift = -8.3422393E-11  Coulomb phase shift= -1.6657377E+00
 l =  75  phase shift = -8.3422393E-11  Coulomb phase shift= -1.6903182E+00
 l =  76  phase shift = -8.3422393E-11  Coulomb phase shift= -1.7145754E+00
 l =  77  phase shift = -8.3422393E-11  Coulomb phase shift= -1.7385177E+00
 l =  78  phase shift = -8.3422393E-11  Coulomb phase shift= -1.7621531E+00
 l =  79  phase shift = -8.3422393E-11  Coulomb phase shift= -1.7854895E+00
 l =  80  phase shift = -8.3422393E-11  Coulomb phase shift= -1.8085343E+00
 l =  81  phase shift = -8.3422393E-11  Coulomb phase shift= -1.8312947E+00
 l =  82  phase shift = -8.3422393E-11  Coulomb phase shift= -1.8537776E+00
 l =  83  phase shift = -8.3422393E-11  Coulomb phase shift= -1.8759897E+00
 l =  84  phase shift = -8.3422393E-11  Coulomb phase shift= -1.8979375E+00
 l =  85  phase shift = -8.3422393E-11  Coulomb phase shift= -1.9196271E+00
 l =  86  phase shift = -8.3422393E-11  Coulomb phase shift= -1.9410646E+00
 l =  87  phase shift = -8.3422393E-11  Coulomb phase shift= -1.9622558E+00
 l =  88  phase shift = -8.3422393E-11  Coulomb phase shift= -1.9832063E+00
 l =  89  phase shift = -8.3422393E-11  Coulomb phase shift= -2.0039214E+00
 l =  90  phase shift = -8.3422393E-11  Coulomb phase shift= -2.0244064E+00
 l =  91  phase shift = -8.3422393E-11  Coulomb phase shift= -2.0446664E+00
 l =  92  phase shift = -8.3422393E-11  Coulomb phase shift= -2.0647062E+00
 l =  93  phase shift = -8.3422393E-11  Coulomb phase shift= -2.0845305E+00
 l =  94  phase shift = -8.3422393E-11  Coulomb phase shift= -2.1041441E+00
 l =  95  phase shift = -8.3422393E-11  Coulomb phase shift= -2.1235512E+00
 l =  96  phase shift = -8.3422393E-11  Coulomb phase shift= -2.1427562E+00
 l =  97  phase shift = -8.3422393E-11  Coulomb phase shift= -2.1617633E+00
 l =  98  phase shift = -8.3422393E-11  Coulomb phase shift= -2.1805765E+00
 l =  99  phase shift = -8.3422393E-11  Coulomb phase shift= -2.1991997E+00
 l = 100  phase shift = -8.3422393E-11  Coulomb phase shift= -2.2176367E+00



          *** ELASTIC CROSS SECTIONS ***

 theta(deg)   dcs(a.u.)     Rutherford-q    Rutherford-Z      
============================================================
    0.0      1.2459E+20      1.2459E+20      9.0824E+22
    1.0      1.2416E+08      1.2409E+08      9.0461E+10
    2.0      7.7633E+06      7.7723E+06      5.6660E+09
    3.0      1.5277E+06      1.5367E+06      1.1202E+09
    4.0      4.8564E+05      4.8655E+05      3.5469E+08
    5.0      2.0146E+05      1.9942E+05      1.4538E+08
    6.0      9.8510E+04      9.6238E+04      7.0158E+07
    7.0      5.3652E+04      5.1986E+04      3.7898E+07
    8.0      3.1473E+04      3.0499E+04      2.2234E+07
    9.0      1.9488E+04      1.9058E+04      1.3893E+07
   10.0      1.2579E+04      1.2516E+04      9.1245E+06
   11.0      8.3985E+03      8.5583E+03      6.2390E+06
   12.0      5.7721E+03      6.0500E+03      4.4105E+06
   13.0      4.0709E+03      4.3981E+03      3.2062E+06
   14.0      2.9402E+03      3.2744E+03      2.3871E+06
   15.0      2.1715E+03      2.4885E+03      1.8141E+06
   16.0      1.6381E+03      1.9253E+03      1.4036E+06
   17.0      1.2608E+03      1.5133E+03      1.1032E+06
   18.0      9.8899E+02      1.2062E+03      8.7931E+05
   19.0      7.8979E+02      9.7344E+02      7.0964E+05
   20.0      6.4129E+02      7.9446E+02      5.7916E+05
   21.0      5.2878E+02      6.5497E+02      4.7748E+05
   22.0      4.4221E+02      5.4496E+02      3.9728E+05
   23.0      3.7461E+02      4.5724E+02      3.3333E+05
   24.0      3.2109E+02      3.8659E+02      2.8182E+05
   25.0      2.7818E+02      3.2917E+02      2.3997E+05
   26.0      2.4337E+02      2.8211E+02      2.0566E+05
   27.0      2.1482E+02      2.4324E+02      1.7732E+05
   28.0      1.9118E+02      2.1090E+02      1.5375E+05
   29.0      1.7142E+02      1.8381E+02      1.3400E+05
   30.0      1.5477E+02      1.6099E+02      1.1736E+05
   31.0      1.4063E+02      1.4164E+02      1.0326E+05
   32.0      1.2852E+02      1.2515E+02      9.1235E+04
   33.0      1.1808E+02      1.1102E+02      8.0937E+04
   34.0      1.0899E+02      9.8866E+01      7.2073E+04
   35.0      1.0103E+02      8.8353E+01      6.4410E+04
   36.0      9.3991E+01      7.9225E+01      5.7755E+04
   37.0      8.7715E+01      7.1267E+01      5.1953E+04
   38.0      8.2069E+01      6.4302E+01      4.6876E+04
   39.0      7.6944E+01      5.8185E+01      4.2417E+04
   40.0      7.2248E+01      5.2795E+01      3.8487E+04
   41.0      6.7906E+01      4.8028E+01      3.5013E+04
   42.0      6.3859E+01      4.3801E+01      3.1931E+04
   43.0      6.0055E+01      4.0040E+01      2.9189E+04
   44.0      5.6454E+01      3.6686E+01      2.6744E+04
   45.0      5.3025E+01      3.3685E+01      2.4557E+04
   46.0      4.9743E+01      3.0995E+01      2.2595E+04
   47.0      4.6587E+01      2.8576E+01      2.0832E+04
   48.0      4.3546E+01      2.6397E+01      1.9243E+04
   49.0      4.0608E+01      2.4428E+01      1.7808E+04
   50.0      3.7769E+01      2.2647E+01      1.6510E+04
   51.0      3.5025E+01      2.1031E+01      1.5332E+04
   52.0      3.2376E+01      1.9563E+01      1.4262E+04
   53.0      2.9823E+01      1.8226E+01      1.3287E+04
   54.0      2.7370E+01      1.7007E+01      1.2398E+04
   55.0      2.5020E+01      1.5892E+01      1.1585E+04
   56.0      2.2779E+01      1.4872E+01      1.0842E+04
   57.0      2.0650E+01      1.3937E+01      1.0160E+04
   58.0      1.8641E+01      1.3078E+01      9.5335E+03
   59.0      1.6755E+01      1.2287E+01      8.9574E+03
   60.0      1.4997E+01      1.1559E+01      8.4267E+03
   61.0      1.3372E+01      1.0888E+01      7.9371E+03
   62.0      1.1882E+01      1.0267E+01      7.4848E+03
   63.0      1.0530E+01      9.6933E+00      7.0664E+03
   64.0      9.3181E+00      9.1617E+00      6.6789E+03
   65.0      8.2458E+00      8.6686E+00      6.3194E+03
   66.0      7.3126E+00      8.2107E+00      5.9856E+03
   67.0      6.5165E+00      7.7850E+00      5.6752E+03
   68.0      5.8547E+00      7.3887E+00      5.3864E+03
   69.0      5.3231E+00      7.0195E+00      5.1172E+03
   70.0      4.9163E+00      6.6750E+00      4.8661E+03
   71.0      4.6284E+00      6.3533E+00      4.6316E+03
   72.0      4.4522E+00      6.0526E+00      4.4123E+03
   73.0      4.3799E+00      5.7712E+00      4.2072E+03
   74.0      4.4027E+00      5.5076E+00      4.0151E+03
   75.0      4.5116E+00      5.2605E+00      3.8349E+03
   76.0      4.6968E+00      5.0286E+00      3.6659E+03
   77.0      4.9482E+00      4.8108E+00      3.5071E+03
   78.0      5.2556E+00      4.6061E+00      3.3578E+03
   79.0      5.6085E+00      4.4134E+00      3.2174E+03
   80.0      5.9966E+00      4.2320E+00      3.0852E+03
   81.0      6.4097E+00      4.0611E+00      2.9605E+03
   82.0      6.8378E+00      3.8999E+00      2.8430E+03
   83.0      7.2713E+00      3.7477E+00      2.7321E+03
   84.0      7.7011E+00      3.6039E+00      2.6273E+03
   85.0      8.1187E+00      3.4681E+00      2.5282E+03
   86.0      8.5162E+00      3.3396E+00      2.4345E+03
   87.0      8.8865E+00      3.2179E+00      2.3459E+03
   88.0      9.2231E+00      3.1027E+00      2.2619E+03
   89.0      9.5205E+00      2.9935E+00      2.1822E+03
   90.0      9.7740E+00      2.8899E+00      2.1067E+03
   91.0      9.9799E+00      2.7916E+00      2.0351E+03
   92.0      1.0135E+01      2.6983E+00      1.9670E+03
   93.0      1.0238E+01      2.6096E+00      1.9024E+03
   94.0      1.0286E+01      2.5253E+00      1.8409E+03
   95.0      1.0281E+01      2.4451E+00      1.7825E+03
   96.0      1.0221E+01      2.3688E+00      1.7269E+03
   97.0      1.0109E+01      2.2961E+00      1.6739E+03
   98.0      9.9468E+00      2.2269E+00      1.6234E+03
   99.0      9.7360E+00      2.1609E+00      1.5753E+03
  100.0      9.4801E+00      2.0980E+00      1.5295E+03
  101.0      9.1828E+00      2.0380E+00      1.4857E+03
  102.0      8.8479E+00      1.9807E+00      1.4439E+03
  103.0      8.4798E+00      1.9260E+00      1.4040E+03
  104.0      8.0830E+00      1.8737E+00      1.3659E+03
  105.0      7.6625E+00      1.8237E+00      1.3295E+03
  106.0      7.2229E+00      1.7760E+00      1.2947E+03
  107.0      6.7692E+00      1.7303E+00      1.2614E+03
  108.0      6.3062E+00      1.6865E+00      1.2295E+03
  109.0      5.8386E+00      1.6447E+00      1.1990E+03
  110.0      5.3711E+00      1.6046E+00      1.1698E+03
  111.0      4.9078E+00      1.5662E+00      1.1418E+03
  112.0      4.4529E+00      1.5294E+00      1.1150E+03
  113.0      4.0101E+00      1.4942E+00      1.0893E+03
  114.0      3.5827E+00      1.4604E+00      1.0646E+03
  115.0      3.1738E+00      1.4279E+00      1.0410E+03
  116.0      2.7858E+00      1.3968E+00      1.0183E+03
  117.0      2.4210E+00      1.3670E+00      9.9654E+02
  118.0      2.0810E+00      1.3383E+00      9.7565E+02
  119.0      1.7673E+00      1.3108E+00      9.5560E+02
  120.0      1.4806E+00      1.2844E+00      9.3634E+02
  121.0      1.2214E+00      1.2590E+00      9.1785E+02
  122.0      9.8998E-01      1.2347E+00      9.0008E+02
  123.0      7.8592E-01      1.2113E+00      8.8300E+02
  124.0      6.0868E-01      1.1887E+00      8.6660E+02
  125.0      4.5736E-01      1.1671E+00      8.5083E+02
  126.0      3.3078E-01      1.1463E+00      8.3567E+02
  127.0      2.2758E-01      1.1263E+00      8.2109E+02
  128.0      1.4614E-01      1.1071E+00      8.0708E+02
  129.0      8.4729E-02      1.0886E+00      7.9361E+02
  130.0      4.1489E-02      1.0708E+00      7.8065E+02
  131.0      1.4475E-02      1.0538E+00      7.6819E+02
  132.0      1.7073E-03      1.0373E+00      7.5620E+02
  133.0      1.1945E-03      1.0215E+00      7.4468E+02
  134.0      1.0972E-02      1.0063E+00      7.3359E+02
  135.0      2.9129E-02      9.9168E-01      7.2293E+02
  136.0      5.3839E-02      9.7762E-01      7.1268E+02
  137.0      8.3378E-02      9.6410E-01      7.0283E+02
  138.0      1.1615E-01      9.5110E-01      6.9335E+02
  139.0      1.5070E-01      9.3860E-01      6.8424E+02
  140.0      1.8572E-01      9.2659E-01      6.7549E+02
  141.0      2.2009E-01      9.1505E-01      6.6707E+02
  142.0      2.5282E-01      9.0397E-01      6.5899E+02
  143.0      2.8312E-01      8.9332E-01      6.5123E+02
  144.0      3.1036E-01      8.8310E-01      6.4378E+02
  145.0      3.3407E-01      8.7328E-01      6.3662E+02
  146.0      3.5394E-01      8.6387E-01      6.2976E+02
  147.0      3.6980E-01      8.5484E-01      6.2318E+02
  148.0      3.8162E-01      8.4619E-01      6.1687E+02
  149.0      3.8948E-01      8.3790E-01      6.1083E+02
  150.0      3.9358E-01      8.2996E-01      6.0504E+02
  151.0      3.9419E-01      8.2237E-01      5.9951E+02
  152.0      3.9166E-01      8.1511E-01      5.9422E+02
  153.0      3.8639E-01      8.0818E-01      5.8916E+02
  154.0      3.7883E-01      8.0156E-01      5.8434E+02
  155.0      3.6943E-01      7.9526E-01      5.7974E+02
  156.0      3.5866E-01      7.8925E-01      5.7537E+02
  157.0      3.4699E-01      7.8355E-01      5.7120E+02
  158.0      3.3485E-01      7.7812E-01      5.6725E+02
  159.0      3.2264E-01      7.7298E-01      5.6351E+02
  160.0      3.1074E-01      7.6812E-01      5.5996E+02
  161.0      2.9947E-01      7.6353E-01      5.5661E+02
  162.0      2.8908E-01      7.5920E-01      5.5346E+02
  163.0      2.7978E-01      7.5513E-01      5.5049E+02
  164.0      2.7173E-01      7.5132E-01      5.4771E+02
  165.0      2.6501E-01      7.4776E-01      5.4512E+02
  166.0      2.5965E-01      7.4445E-01      5.4270E+02
  167.0      2.5565E-01      7.4138E-01      5.4046E+02
  168.0      2.5292E-01      7.3855E-01      5.3840E+02
  169.0      2.5137E-01      7.3596E-01      5.3651E+02
  170.0      2.5085E-01      7.3360E-01      5.3479E+02
  171.0      2.5119E-01      7.3148E-01      5.3325E+02
  172.0      2.5221E-01      7.2958E-01      5.3186E+02
  173.0      2.5371E-01      7.2791E-01      5.3065E+02
  174.0      2.5550E-01      7.2647E-01      5.2960E+02
  175.0      2.5738E-01      7.2526E-01      5.2871E+02
  176.0      2.5918E-01      7.2426E-01      5.2799E+02
  177.0      2.6076E-01      7.2349E-01      5.2742E+02
  178.0      2.6197E-01      7.2294E-01      5.2702E+02
  179.0      2.6274E-01      7.2261E-01      5.2678E+02
  180.0      2.6300E-01      7.2250E-01      5.2670E+02
