 Elastic cross section by the Johnson method for potentials              of the Garvey et al. form
 ===========================================================

 impact energy:  3.67647E+01 a.u.
 reduced mass:  1.00000E+00
 rstart:  0.00000E+00 rend0:  1.41000E+01 spac:  1.00000E+00 a.u.
 lmin:   0 lmax: 100 lspc:   1

 nmod=  54 zmod=  5.40000E+01 xi=  1.04400E+00 eta=  5.10100E+00
 rmod=  1.41000E+01 qmod=  1.00000E+00

 l =   0  phase shift =  5.0862337E-01  Coulomb phase shift=  6.6683273E-02
 l =   1  phase shift = -9.5437294E-01  Coulomb phase shift= -4.9411366E-02
 l =   2  phase shift =  6.5807713E-01  Coulomb phase shift= -1.0765494E-01
 l =   3  phase shift = -8.9875193E-01  Coulomb phase shift= -1.4650839E-01
 l =   4  phase shift =  6.6800659E-01  Coulomb phase shift= -1.7565489E-01
 l =   5  phase shift = -9.2095491E-01  Coulomb phase shift= -1.9897447E-01
 l =   6  phase shift =  6.1948736E-01  Coulomb phase shift= -2.1840853E-01
 l =   7  phase shift = -9.9274562E-01  Coulomb phase shift= -2.3506685E-01
 l =   8  phase shift =  5.2622110E-01  Coulomb phase shift= -2.4964320E-01
 l =   9  phase shift = -1.1063399E+00  Coulomb phase shift= -2.6260014E-01
 l =  10  phase shift =  3.9307529E-01  Coulomb phase shift= -2.7426152E-01
 l =  11  phase shift = -1.2584891E+00  Coulomb phase shift= -2.8486285E-01
 l =  12  phase shift =  2.2232256E-01  Coulomb phase shift= -2.9458080E-01
 l =  13  phase shift = -1.4475464E+00  Coulomb phase shift= -3.0355126E-01
 l =  14  phase shift =  1.5188545E-02  Coulomb phase shift= -3.1188099E-01
 l =  15  phase shift =  1.4690117E+00  Coulomb phase shift= -3.1965544E-01
 l =  16  phase shift = -2.2760898E-01  Coulomb phase shift= -3.2694400E-01
 l =  17  phase shift =  1.2085593E+00  Coulomb phase shift= -3.3380384E-01
 l =  18  phase shift = -5.0563135E-01  Coulomb phase shift= -3.4028258E-01
 l =  19  phase shift =  9.1303368E-01  Coulomb phase shift= -3.4642035E-01
 l =  20  phase shift = -8.1860833E-01  Coulomb phase shift= -3.5225124E-01
 l =  21  phase shift =  5.8264498E-01  Coulomb phase shift= -3.5780447E-01
 l =  22  phase shift = -1.1663793E+00  Coulomb phase shift= -3.6310528E-01
 l =  23  phase shift =  2.1751265E-01  Coulomb phase shift= -3.6817563E-01
 l =  24  phase shift = -1.5488595E+00  Coulomb phase shift= -3.7303472E-01
 l =  25  phase shift = -1.8230848E-01  Coulomb phase shift= -3.7769945E-01
 l =  26  phase shift =  1.1755725E+00  Coulomb phase shift= -3.8218477E-01
 l =  27  phase shift = -6.1681231E-01  Coulomb phase shift= -3.8650396E-01
 l =  28  phase shift =  7.2371728E-01  Coulomb phase shift= -3.9066890E-01
 l =  29  phase shift = -1.0860312E+00  Coulomb phase shift= -3.9469023E-01
 l =  30  phase shift =  2.3711861E-01  Coulomb phase shift= -3.9857751E-01
 l =  31  phase shift =  1.5515634E+00  Coulomb phase shift= -4.0233940E-01
 l =  32  phase shift = -2.8430181E-01  Coulomb phase shift= -4.0598373E-01
 l =  33  phase shift =  1.0126946E+00  Coulomb phase shift= -4.0951762E-01
 l =  34  phase shift = -8.4064797E-01  Coulomb phase shift= -4.1294758E-01
 l =  35  phase shift =  4.3883923E-01  Coulomb phase shift= -4.1627954E-01
 l =  36  phase shift = -1.4320471E+00  Coulomb phase shift= -4.1951895E-01
 l =  37  phase shift = -1.7014089E-01  Coulomb phase shift= -4.2267080E-01
 l =  38  phase shift =  1.0829446E+00  Coulomb phase shift= -4.2573971E-01
 l =  39  phase shift = -8.1440512E-01  Coulomb phase shift= -4.2872994E-01
 l =  40  phase shift =  4.2097217E-01  Coulomb phase shift= -4.3164540E-01
 l =  41  phase shift = -1.4941332E+00  Coulomb phase shift= -4.3448976E-01
 l =  42  phase shift = -2.7656148E-01  Coulomb phase shift= -4.3726640E-01
 l =  43  phase shift =  9.3206779E-01  Coulomb phase shift= -4.3997846E-01
 l =  44  phase shift = -1.0098662E+00  Coulomb phase shift= -4.4262889E-01
 l =  45  phase shift =  1.8079262E-01  Coulomb phase shift= -4.4522042E-01
 l =  46  phase shift =  1.3624208E+00  Coulomb phase shift= -4.4775561E-01
 l =  47  phase shift = -6.0660622E-01  Coulomb phase shift= -4.5023686E-01
 l =  48  phase shift =  5.5686356E-01  Coulomb phase shift= -4.5266642E-01
 l =  49  phase shift = -1.4303898E+00  Coulomb phase shift= -4.5504640E-01
 l =  50  phase shift = -2.8521700E-01  Coulomb phase shift= -4.5737877E-01
 l =  51  phase shift =  8.5075189E-01  Coulomb phase shift= -4.5966542E-01
 l =  52  phase shift = -1.1641147E+00  Coulomb phase shift= -4.6190809E-01
 l =  53  phase shift = -4.6671694E-02  Coulomb phase shift= -4.6410844E-01
 l =  54  phase shift =  1.0614463E+00  Coulomb phase shift= -4.6626805E-01
 l =  55  phase shift = -9.8139682E-01  Coulomb phase shift= -4.6838839E-01
 l =  56  phase shift =  1.0793924E-01  Coulomb phase shift= -4.7047087E-01
 l =  57  phase shift =  1.1878151E+00  Coulomb phase shift= -4.7251682E-01
 l =  58  phase shift = -8.8341040E-01  Coulomb phase shift= -4.7452749E-01
 l =  59  phase shift =  1.7739786E-01  Coulomb phase shift= -4.7650408E-01
 l =  60  phase shift =  1.2285951E+00  Coulomb phase shift= -4.7844773E-01
 l =  61  phase shift = -8.7146537E-01  Coulomb phase shift= -4.8035951E-01
 l =  62  phase shift =  1.6034570E-01  Coulomb phase shift= -4.8224046E-01
 l =  63  phase shift =  1.1823775E+00  Coulomb phase shift= -4.8409156E-01
 l =  64  phase shift = -9.4702282E-01  Coulomb phase shift= -4.8591373E-01
 l =  65  phase shift =  5.5267318E-02  Coulomb phase shift= -4.8770787E-01
 l =  66  phase shift =  1.0475903E+00  Coulomb phase shift= -4.8947482E-01
 l =  67  phase shift = -1.1117139E+00  Coulomb phase shift= -4.9121540E-01
 l =  68  phase shift = -1.3953020E-01  Coulomb phase shift= -4.9293038E-01
 l =  69  phase shift =  8.2247599E-01  Coulomb phase shift= -4.9462051E-01
 l =  70  phase shift = -1.3673638E+00  Coulomb phase shift= -4.9628650E-01
 l =  71  phase shift = -4.2594289E-01  Coulomb phase shift= -4.9792902E-01
 l =  72  phase shift =  5.0506392E-01  Coulomb phase shift= -4.9954873E-01
 l =  73  phase shift =  1.4255713E+00  Coulomb phase shift= -5.0114624E-01
 l =  74  phase shift = -8.0610248E-01  Coulomb phase shift= -5.0272218E-01
 l =  75  phase shift =  9.3135147E-02  Coulomb phase shift= -5.0427710E-01
 l =  76  phase shift =  9.8159460E-01  Coulomb phase shift= -5.0581156E-01
 l =  77  phase shift = -1.2824180E+00  Coulomb phase shift= -5.0732609E-01
 l =  78  phase shift = -4.1582313E-01  Coulomb phase shift= -5.0882120E-01
 l =  79  phase shift =  4.3967571E-01  Coulomb phase shift= -5.1029739E-01
 l =  80  phase shift =  1.2839624E+00  Coulomb phase shift= -5.1175513E-01
 l =  81  phase shift = -1.0246776E+00  Coulomb phase shift= -5.1319487E-01
 l =  82  phase shift = -2.0318643E-01  Coulomb phase shift= -5.1461705E-01
 l =  83  phase shift =  6.0670788E-01  Coulomb phase shift= -5.1602210E-01
 l =  84  phase shift =  1.4048637E+00  Coulomb phase shift= -5.1741042E-01
 l =  85  phase shift = -9.5046163E-01  Coulomb phase shift= -5.1878241E-01
 l =  86  phase shift = -1.7624172E-01  Coulomb phase shift= -5.2013844E-01
 l =  87  phase shift =  5.8575865E-01  Coulomb phase shift= -5.2147889E-01
 l =  88  phase shift =  1.3353875E+00  Coulomb phase shift= -5.2280411E-01
 l =  89  phase shift = -1.0691823E+00  Coulomb phase shift= -5.2411443E-01
 l =  90  phase shift = -3.4494400E-01  Coulomb phase shift= -5.2541020E-01
 l =  91  phase shift =  3.6628626E-01  Coulomb phase shift= -5.2669173E-01
 l =  92  phase shift =  1.0642694E+00  Coulomb phase shift= -5.2795932E-01
 l =  93  phase shift = -1.3928502E+00  Coulomb phase shift= -5.2921329E-01
 l =  94  phase shift = -7.2218715E-01  Coulomb phase shift= -5.3045392E-01
 l =  95  phase shift = -6.5740596E-02  Coulomb phase shift= -5.3168149E-01
 l =  96  phase shift =  5.2054461E-01  Coulomb phase shift= -5.3289627E-01
 l =  97  phase shift =  1.2045677E+00  Coulomb phase shift= -5.3409852E-01
 l =  98  phase shift = -1.3252334E+00  Coulomb phase shift= -5.3528851E-01
 l =  99  phase shift = -7.2936897E-01  Coulomb phase shift= -5.3646648E-01
 l = 100  phase shift = -1.5077588E-01  Coulomb phase shift= -5.3763267E-01



          *** ELASTIC CROSS SECTIONS ***

 theta(deg)   dcs(a.u.)     Rutherford-q    Rutherford-Z      
============================================================
    0.0      7.9734E+15      7.9735E+15      2.3251E+19
    1.0      1.5444E+05      7.9417E+03      2.3158E+07
    2.0      2.0032E+03      4.9743E+02      1.4505E+06
    3.0      6.0269E+03      9.8347E+01      2.8678E+05
    4.0      3.1277E+00      3.1139E+01      9.0802E+04
    5.0      1.2819E+03      1.2763E+01      3.7217E+04
    6.0      1.0249E+02      6.1593E+00      1.7960E+04
    7.0      3.5563E+02      3.3271E+00      9.7019E+03
    8.0      1.4768E+02      1.9519E+00      5.6918E+03
    9.0      8.8713E+01      1.2197E+00      3.5566E+03
   10.0      1.3487E+02      8.0105E-01      2.3359E+03
   11.0      1.3675E+01      5.4773E-01      1.5972E+03
   12.0      9.8361E+01      3.8720E-01      1.1291E+03
   13.0      3.8041E+00      2.8148E-01      8.2080E+02
   14.0      5.9429E+01      2.0956E-01      6.1109E+02
   15.0      1.2638E+01      1.5926E-01      4.6441E+02
   16.0      2.8930E+01      1.2322E-01      3.5932E+02
   17.0      2.1516E+01      9.6852E-02      2.8242E+02
   18.0      1.0492E+01      7.7196E-02      2.2510E+02
   19.0      2.4305E+01      6.2300E-02      1.8167E+02
   20.0      3.0330E+00      5.0845E-02      1.4826E+02
   21.0      2.1090E+01      4.1918E-02      1.2223E+02
   22.0      2.9817E+00      3.4877E-02      1.0170E+02
   23.0      1.4628E+01      2.9263E-02      8.5332E+01
   24.0      6.1813E+00      2.4742E-02      7.2147E+01
   25.0      8.0682E+00      2.1067E-02      6.1431E+01
   26.0      9.2741E+00      1.8055E-02      5.2649E+01
   27.0      3.6228E+00      1.5567E-02      4.5394E+01
   28.0      1.0416E+01      1.3498E-02      3.9359E+01
   29.0      2.0550E+00      1.1764E-02      3.4304E+01
   30.0      9.3262E+00      1.0303E-02      3.0044E+01
   31.0      2.8408E+00      9.0650E-03      2.6434E+01
   32.0      6.8386E+00      8.0096E-03      2.3356E+01
   33.0      4.7303E+00      7.1056E-03      2.0720E+01
   34.0      4.2209E+00      6.3274E-03      1.8451E+01
   35.0      6.4167E+00      5.6546E-03      1.6489E+01
   36.0      2.5386E+00      5.0704E-03      1.4785E+01
   37.0      7.0540E+00      4.5611E-03      1.3300E+01
   38.0      2.2647E+00      4.1153E-03      1.2000E+01
   39.0      6.4803E+00      3.7239E-03      1.0859E+01
   40.0      3.2113E+00      3.3789E-03      9.8527E+00
   41.0      5.1318E+00      3.0738E-03      8.9632E+00
   42.0      4.7363E+00      2.8032E-03      8.1743E+00
   43.0      3.7431E+00      2.5626E-03      7.4725E+00
   44.0      6.0896E+00      2.3479E-03      6.8465E+00
   45.0      2.9903E+00      2.1559E-03      6.2865E+00
   46.0      6.7416E+00      1.9837E-03      5.7844E+00
   47.0      3.2207E+00      1.8289E-03      5.3330E+00
   48.0      6.5715E+00      1.6894E-03      4.9263E+00
   49.0      4.3589E+00      1.5634E-03      4.5589E+00
   50.0      5.8654E+00      1.4494E-03      4.2265E+00
   51.0      5.9971E+00      1.3460E-03      3.9250E+00
   52.0      5.1560E+00      1.2520E-03      3.6510E+00
   53.0      7.6072E+00      1.1665E-03      3.4015E+00
   54.0      4.9868E+00      1.0884E-03      3.1739E+00
   55.0      8.7762E+00      1.0171E-03      2.9659E+00
   56.0      5.7050E+00      9.5181E-04      2.7755E+00
   57.0      9.3716E+00      8.9195E-04      2.6009E+00
   58.0      7.3562E+00      8.3696E-04      2.4406E+00
   59.0      9.5833E+00      7.8639E-04      2.2931E+00
   60.0      9.7109E+00      7.3980E-04      2.1572E+00
   61.0      9.8414E+00      6.9681E-04      2.0319E+00
   62.0      1.2395E+01      6.5711E-04      1.9161E+00
   63.0      1.0656E+01      6.2037E-04      1.8090E+00
   64.0      1.5065E+01      5.8635E-04      1.7098E+00
   65.0      1.2445E+01      5.5479E-04      1.6178E+00
   66.0      1.7554E+01      5.2548E-04      1.5323E+00
   67.0      1.5419E+01      4.9824E-04      1.4529E+00
   68.0      1.9940E+01      4.7288E-04      1.3789E+00
   69.0      1.9546E+01      4.4925E-04      1.3100E+00
   70.0      2.2512E+01      4.2720E-04      1.2457E+00
   71.0      2.4601E+01      4.0661E-04      1.1857E+00
   72.0      2.5663E+01      3.8737E-04      1.1296E+00
   73.0      3.0261E+01      3.6936E-04      1.0770E+00
   74.0      2.9732E+01      3.5249E-04      1.0279E+00
   75.0      3.6197E+01      3.3667E-04      9.8174E-01
   76.0      3.4860E+01      3.2183E-04      9.3846E-01
   77.0      4.2118E+01      3.0789E-04      8.9782E-01
   78.0      4.0893E+01      2.9479E-04      8.5961E-01
   79.0      4.7751E+01      2.8246E-04      8.2365E-01
   80.0      4.7348E+01      2.7085E-04      7.8980E-01
   81.0      5.2775E+01      2.5991E-04      7.5790E-01
   82.0      5.3449E+01      2.4959E-04      7.2781E-01
   83.0      5.6751E+01      2.3985E-04      6.9941E-01
   84.0      5.8246E+01      2.3065E-04      6.7258E-01
   85.0      5.9116E+01      2.2196E-04      6.4723E-01
   86.0      6.0803E+01      2.1373E-04      6.2324E-01
   87.0      5.9301E+01      2.0595E-04      6.0054E-01
   88.0      6.0470E+01      1.9857E-04      5.7903E-01
   89.0      5.6990E+01      1.9158E-04      5.5865E-01
   90.0      5.7205E+01      1.8495E-04      5.3932E-01
   91.0      5.2469E+01      1.7866E-04      5.2098E-01
   92.0      5.1849E+01      1.7269E-04      5.0356E-01
   93.0      4.6888E+01      1.6701E-04      4.8701E-01
   94.0      4.6170E+01      1.6162E-04      4.7128E-01
   95.0      4.2186E+01      1.5649E-04      4.5632E-01
   96.0      4.2459E+01      1.5160E-04      4.4208E-01
   97.0      4.0462E+01      1.4695E-04      4.2852E-01
   98.0      4.2558E+01      1.4252E-04      4.1560E-01
   99.0      4.2815E+01      1.3830E-04      4.0328E-01
  100.0      4.6619E+01      1.3427E-04      3.9154E-01
  101.0      4.8221E+01      1.3043E-04      3.8034E-01
  102.0      5.2379E+01      1.2676E-04      3.6964E-01
  103.0      5.3425E+01      1.2326E-04      3.5943E-01
  104.0      5.5962E+01      1.1992E-04      3.4968E-01
  105.0      5.4681E+01      1.1672E-04      3.4035E-01
  106.0      5.4492E+01      1.1366E-04      3.3144E-01
  107.0      5.0810E+01      1.1074E-04      3.2291E-01
  108.0      4.8981E+01      1.0794E-04      3.1475E-01
  109.0      4.5124E+01      1.0526E-04      3.0694E-01
  110.0      4.4459E+01      1.0269E-04      2.9946E-01
  111.0      4.3302E+01      1.0024E-04      2.9229E-01
  112.0      4.5612E+01      9.7884E-05      2.8543E-01
  113.0      4.7635E+01      9.5627E-05      2.7885E-01
  114.0      5.1132E+01      9.3464E-05      2.7254E-01
  115.0      5.3398E+01      9.1388E-05      2.6649E-01
  116.0      5.3944E+01      8.9398E-05      2.6068E-01
  117.0      5.3546E+01      8.7487E-05      2.5511E-01
  118.0      4.9782E+01      8.5654E-05      2.4977E-01
  119.0      4.8300E+01      8.3893E-05      2.4463E-01
  120.0      4.4258E+01      8.2203E-05      2.3970E-01
  121.0      4.5977E+01      8.0579E-05      2.3497E-01
  122.0      4.5912E+01      7.9019E-05      2.3042E-01
  123.0      5.0292E+01      7.7520E-05      2.2605E-01
  124.0      5.2295E+01      7.6080E-05      2.2185E-01
  125.0      5.2908E+01      7.4695E-05      2.1781E-01
  126.0      5.2851E+01      7.3365E-05      2.1393E-01
  127.0      4.7861E+01      7.2085E-05      2.1020E-01
  128.0      4.7832E+01      7.0855E-05      2.0661E-01
  129.0      4.4646E+01      6.9672E-05      2.0316E-01
  130.0      4.7898E+01      6.8534E-05      1.9985E-01
  131.0      5.0477E+01      6.7440E-05      1.9666E-01
  132.0      5.1348E+01      6.6388E-05      1.9359E-01
  133.0      5.3774E+01      6.5376E-05      1.9064E-01
  134.0      4.8330E+01      6.4403E-05      1.8780E-01
  135.0      4.8390E+01      6.3467E-05      1.8507E-01
  136.0      4.6333E+01      6.2567E-05      1.8245E-01
  137.0      4.7085E+01      6.1702E-05      1.7992E-01
  138.0      5.2428E+01      6.0870E-05      1.7750E-01
  139.0      5.0235E+01      6.0071E-05      1.7517E-01
  140.0      5.1882E+01      5.9302E-05      1.7292E-01
  141.0      4.8637E+01      5.8563E-05      1.7077E-01
  142.0      4.5529E+01      5.7854E-05      1.6870E-01
  143.0      5.0102E+01      5.7172E-05      1.6671E-01
  144.0      4.9117E+01      5.6518E-05      1.6481E-01
  145.0      5.1412E+01      5.5890E-05      1.6298E-01
  146.0      5.1720E+01      5.5288E-05      1.6122E-01
  147.0      4.5900E+01      5.4710E-05      1.5953E-01
  148.0      4.8969E+01      5.4156E-05      1.5792E-01
  149.0      4.9947E+01      5.3626E-05      1.5637E-01
  150.0      4.8975E+01      5.3118E-05      1.5489E-01
  151.0      5.2627E+01      5.2632E-05      1.5347E-01
  152.0      4.7860E+01      5.2167E-05      1.5212E-01
  153.0      4.6496E+01      5.1724E-05      1.5083E-01
  154.0      5.2000E+01      5.1300E-05      1.4959E-01
  155.0      4.9442E+01      5.0897E-05      1.4841E-01
  156.0      4.9012E+01      5.0512E-05      1.4729E-01
  157.0      5.0825E+01      5.0147E-05      1.4623E-01
  158.0      4.6720E+01      4.9800E-05      1.4522E-01
  159.0      4.9495E+01      4.9471E-05      1.4426E-01
  160.0      5.3401E+01      4.9160E-05      1.4335E-01
  161.0      4.6915E+01      4.8866E-05      1.4249E-01
  162.0      4.7082E+01      4.8589E-05      1.4168E-01
  163.0      5.2819E+01      4.8328E-05      1.4093E-01
  164.0      4.9333E+01      4.8084E-05      1.4021E-01
  165.0      4.7665E+01      4.7857E-05      1.3955E-01
  166.0      5.0835E+01      4.7645E-05      1.3893E-01
  167.0      4.8764E+01      4.7448E-05      1.3836E-01
  168.0      4.8734E+01      4.7267E-05      1.3783E-01
  169.0      5.2527E+01      4.7101E-05      1.3735E-01
  170.0      4.7908E+01      4.6950E-05      1.3691E-01
  171.0      4.5776E+01      4.6814E-05      1.3651E-01
  172.0      5.4077E+01      4.6693E-05      1.3616E-01
  173.0      5.2304E+01      4.6587E-05      1.3585E-01
  174.0      4.2515E+01      4.6494E-05      1.3558E-01
  175.0      4.8909E+01      4.6416E-05      1.3535E-01
  176.0      5.9474E+01      4.6353E-05      1.3516E-01
  177.0      4.6114E+01      4.6303E-05      1.3502E-01
  178.0      3.7916E+01      4.6268E-05      1.3492E-01
  179.0      6.2521E+01      4.6247E-05      1.3486E-01
  180.0      8.7594E+01      4.6240E-05      1.3484E-01
